  lab2d.c
C:\Users\aleks\source\repos\lab2\lab2\Debug\lab2d.c(9,6): error C2632: 'int' followed by 'double' is illegal
C:\Users\aleks\source\repos\lab2\lab2\Debug\lab2d.c(9,13): error C2513: 'int': no variable declared before '='
C:\Users\aleks\source\repos\lab2\lab2\Debug\lab2d.c(11,2): error C2146: syntax error: missing ';' before identifier 'printf'
C:\Users\aleks\source\repos\lab2\lab2\Debug\lab2d.c(11,48): error C2059: syntax error: 'type'
